<?xml version="1.0" encoding="UTF-8"?>
<coverage generated="1639050420034" clover="3.2.0">
  <project timestamp="1639050420035" name="All files">
    <metrics statements="91" coveredstatements="62" conditionals="84" coveredconditionals="55" methods="29" coveredmethods="24" elements="204" coveredelements="141" complexity="0" loc="91" ncloc="91" packages="7" files="7" classes="7"/>
    <package name="components.InfoField">
      <metrics statements="2" coveredstatements="2" conditionals="0" coveredconditionals="0" methods="2" coveredmethods="2"/>
      <file name="InfoField.js" path="/home/shuva/Projects/map/Library/front/components/InfoField/InfoField.js">
        <metrics statements="2" coveredstatements="2" conditionals="0" coveredconditionals="0" methods="2" coveredmethods="2"/>
        <line num="7" count="3" type="stmt"/>
        <line num="11" count="3" type="stmt"/>
      </file>
    </package>
    <package name="components.Input">
      <metrics statements="10" coveredstatements="8" conditionals="12" coveredconditionals="0" methods="4" coveredmethods="4"/>
      <file name="Input.js" path="/home/shuva/Projects/map/Library/front/components/Input/Input.js">
        <metrics statements="10" coveredstatements="8" conditionals="12" coveredconditionals="0" methods="4" coveredmethods="4"/>
        <line num="10" count="4" type="stmt"/>
        <line num="11" count="4" type="stmt"/>
        <line num="15" count="4" type="stmt"/>
        <line num="16" count="4" type="stmt"/>
        <line num="20" count="2" type="stmt"/>
        <line num="23" count="4" type="stmt"/>
        <line num="24" count="1" type="stmt"/>
        <line num="25" count="0" type="cond" truecount="0" falsecount="2"/>
        <line num="26" count="0" type="stmt"/>
        <line num="42" count="7" type="stmt"/>
      </file>
    </package>
    <package name="components.TableWithoutButtons">
      <metrics statements="19" coveredstatements="7" conditionals="0" coveredconditionals="0" methods="8" coveredmethods="4"/>
      <file name="TableWithoutButtons.js" path="/home/shuva/Projects/map/Library/front/components/TableWithoutButtons/TableWithoutButtons.js">
        <metrics statements="19" coveredstatements="7" conditionals="0" coveredconditionals="0" methods="8" coveredmethods="4"/>
        <line num="8" count="1" type="stmt"/>
        <line num="9" count="1" type="stmt"/>
        <line num="15" count="1" type="stmt"/>
        <line num="18" count="1" type="stmt"/>
        <line num="19" count="0" type="stmt"/>
        <line num="20" count="0" type="stmt"/>
        <line num="21" count="0" type="stmt"/>
        <line num="22" count="0" type="stmt"/>
        <line num="23" count="0" type="stmt"/>
        <line num="26" count="1" type="stmt"/>
        <line num="27" count="0" type="stmt"/>
        <line num="28" count="0" type="stmt"/>
        <line num="29" count="0" type="stmt"/>
        <line num="30" count="0" type="stmt"/>
        <line num="31" count="0" type="stmt"/>
        <line num="35" count="1" type="stmt"/>
        <line num="51" count="1" type="stmt"/>
        <line num="56" count="0" type="stmt"/>
        <line num="59" count="0" type="stmt"/>
      </file>
    </package>
    <package name="helpers">
      <metrics statements="1" coveredstatements="1" conditionals="0" coveredconditionals="0" methods="0" coveredmethods="0"/>
      <file name="history.js" path="/home/shuva/Projects/map/Library/front/helpers/history.js">
        <metrics statements="1" coveredstatements="1" conditionals="0" coveredconditionals="0" methods="0" coveredmethods="0"/>
        <line num="3" count="2" type="stmt"/>
      </file>
    </package>
    <package name="pages.BookPage">
      <metrics statements="21" coveredstatements="16" conditionals="12" coveredconditionals="7" methods="7" coveredmethods="6"/>
      <file name="BookPage.js" path="/home/shuva/Projects/map/Library/front/pages/BookPage/BookPage.js">
        <metrics statements="21" coveredstatements="16" conditionals="12" coveredconditionals="7" methods="7" coveredmethods="6"/>
        <line num="10" count="4" type="stmt"/>
        <line num="11" count="4" type="stmt"/>
        <line num="12" count="4" type="stmt"/>
        <line num="19" count="4" type="stmt"/>
        <line num="20" count="5" type="stmt"/>
        <line num="21" count="5" type="stmt"/>
        <line num="23" count="0" type="stmt"/>
        <line num="31" count="5" type="stmt"/>
        <line num="34" count="4" type="stmt"/>
        <line num="35" count="1" type="stmt"/>
        <line num="36" count="1" type="stmt"/>
        <line num="37" count="1" type="stmt"/>
        <line num="38" count="0" type="stmt"/>
        <line num="39" count="0" type="stmt"/>
        <line num="44" count="4" type="stmt"/>
        <line num="45" count="1" type="stmt"/>
        <line num="46" count="1" type="stmt"/>
        <line num="47" count="1" type="stmt"/>
        <line num="48" count="0" type="stmt"/>
        <line num="49" count="0" type="stmt"/>
        <line num="55" count="8" type="stmt"/>
      </file>
    </package>
    <package name="pages.LoginPage">
      <metrics statements="18" coveredstatements="13" conditionals="22" coveredconditionals="17" methods="4" coveredmethods="4"/>
      <file name="LoginPage.js" path="/home/shuva/Projects/map/Library/front/pages/LoginPage/LoginPage.js">
        <metrics statements="18" coveredstatements="13" conditionals="22" coveredconditionals="17" methods="4" coveredmethods="4"/>
        <line num="11" count="4" type="stmt"/>
        <line num="13" count="4" type="stmt"/>
        <line num="22" count="4" type="stmt"/>
        <line num="23" count="4" type="stmt"/>
        <line num="27" count="1" type="stmt"/>
        <line num="28" count="1" type="stmt"/>
        <line num="29" count="1" type="stmt"/>
        <line num="37" count="4" type="stmt"/>
        <line num="38" count="2" type="stmt"/>
        <line num="39" count="2" type="stmt"/>
        <line num="40" count="2" type="cond" truecount="2" falsecount="2"/>
        <line num="41" count="0" type="stmt"/>
        <line num="42" count="0" type="cond" truecount="0" falsecount="2"/>
        <line num="43" count="0" type="stmt"/>
        <line num="44" count="0" type="stmt"/>
        <line num="46" count="0" type="stmt"/>
        <line num="53" count="9" type="stmt"/>
        <line num="55" count="9" type="stmt"/>
      </file>
    </package>
    <package name="pages.RegistrationPage">
      <metrics statements="20" coveredstatements="15" conditionals="38" coveredconditionals="31" methods="4" coveredmethods="4"/>
      <file name="RegistrationPage.js" path="/home/shuva/Projects/map/Library/front/pages/RegistrationPage/RegistrationPage.js">
        <metrics statements="20" coveredstatements="15" conditionals="38" coveredconditionals="31" methods="4" coveredmethods="4"/>
        <line num="11" count="3" type="stmt"/>
        <line num="13" count="3" type="stmt"/>
        <line num="23" count="3" type="stmt"/>
        <line num="24" count="3" type="stmt"/>
        <line num="29" count="1" type="stmt"/>
        <line num="30" count="1" type="stmt"/>
        <line num="31" count="1" type="stmt"/>
        <line num="39" count="3" type="stmt"/>
        <line num="40" count="1" type="stmt"/>
        <line num="42" count="1" type="stmt"/>
        <line num="43" count="1" type="stmt"/>
        <line num="44" count="1" type="cond" truecount="2" falsecount="4"/>
        <line num="45" count="0" type="stmt"/>
        <line num="51" count="0" type="cond" truecount="0" falsecount="2"/>
        <line num="52" count="0" type="stmt"/>
        <line num="53" count="0" type="stmt"/>
        <line num="55" count="0" type="stmt"/>
        <line num="62" count="6" type="stmt"/>
        <line num="63" count="6" type="stmt"/>
        <line num="65" count="6" type="stmt"/>
      </file>
    </package>
  </project>
</coverage>
