{"/home/shuva/Projects/map/Library/front/components/InfoField/InfoField.js": {"path":"/home/shuva/Projects/map/Library/front/components/InfoField/InfoField.js","statementMap":{"0":{"start":{"line":7,"column":8},"end":{"line":7,"column":21}},"1":{"start":{"line":11,"column":8},"end":{"line":16,"column":10}}},"fnMap":{"0":{"name":"(anonymous_0)","decl":{"start":{"line":6,"column":4},"end":{"line":6,"column":5}},"loc":{"start":{"line":6,"column":23},"end":{"line":8,"column":5}},"line":6},"1":{"name":"(anonymous_1)","decl":{"start":{"line":10,"column":4},"end":{"line":10,"column":5}},"loc":{"start":{"line":10,"column":13},"end":{"line":17,"column":5}},"line":10}},"branchMap":{},"s":{"0":3,"1":3},"f":{"0":3,"1":3},"b":{},"_coverageSchema":"1a1c01bbd47fc00a2c39e90264f33305004495a9","hash":"0de02d65a2fcc7f895982b44367d9ae8ccd7ae2f"}
,"/home/shuva/Projects/map/Library/front/components/Input/Input.js": {"path":"/home/shuva/Projects/map/Library/front/components/Input/Input.js","statementMap":{"0":{"start":{"line":10,"column":8},"end":{"line":10,"column":21}},"1":{"start":{"line":11,"column":8},"end":{"line":13,"column":10}},"2":{"start":{"line":15,"column":8},"end":{"line":15,"column":57}},"3":{"start":{"line":16,"column":8},"end":{"line":16,"column":57}},"4":{"start":{"line":20,"column":8},"end":{"line":20,"column":52}},"5":{"start":{"line":23,"column":19},"end":{"line":39,"column":5}},"6":{"start":{"line":24,"column":21},"end":{"line":24,"column":59}},"7":{"start":{"line":25,"column":8},"end":{"line":38,"column":9}},"8":{"start":{"line":26,"column":12},"end":{"line":37,"column":13}},"9":{"start":{"line":42,"column":8},"end":{"line":54,"column":10}}},"fnMap":{"0":{"name":"(anonymous_0)","decl":{"start":{"line":9,"column":4},"end":{"line":9,"column":5}},"loc":{"start":{"line":9,"column":23},"end":{"line":17,"column":5}},"line":9},"1":{"name":"(anonymous_1)","decl":{"start":{"line":19,"column":4},"end":{"line":19,"column":5}},"loc":{"start":{"line":19,"column":24},"end":{"line":21,"column":5}},"line":19},"2":{"name":"(anonymous_2)","decl":{"start":{"line":23,"column":19},"end":{"line":23,"column":20}},"loc":{"start":{"line":23,"column":31},"end":{"line":39,"column":5}},"line":23},"3":{"name":"(anonymous_3)","decl":{"start":{"line":41,"column":4},"end":{"line":41,"column":5}},"loc":{"start":{"line":41,"column":13},"end":{"line":55,"column":5}},"line":41}},"branchMap":{"0":{"loc":{"start":{"line":25,"column":8},"end":{"line":38,"column":9}},"type":"if","locations":[{"start":{"line":25,"column":8},"end":{"line":38,"column":9}},{"start":{},"end":{}}],"line":25},"1":{"loc":{"start":{"line":27,"column":16},"end":{"line":27,"column":65}},"type":"cond-expr","locations":[{"start":{"line":27,"column":31},"end":{"line":27,"column":50}},{"start":{"line":27,"column":53},"end":{"line":27,"column":65}}],"line":27},"2":{"loc":{"start":{"line":28,"column":16},"end":{"line":28,"column":52}},"type":"cond-expr","locations":[{"start":{"line":28,"column":29},"end":{"line":28,"column":39}},{"start":{"line":28,"column":42},"end":{"line":28,"column":52}}],"line":28},"3":{"loc":{"start":{"line":33,"column":16},"end":{"line":33,"column":70}},"type":"cond-expr","locations":[{"start":{"line":33,"column":34},"end":{"line":33,"column":52}},{"start":{"line":33,"column":55},"end":{"line":33,"column":70}}],"line":33},"4":{"loc":{"start":{"line":35,"column":16},"end":{"line":35,"column":76}},"type":"cond-expr","locations":[{"start":{"line":35,"column":35},"end":{"line":35,"column":57}},{"start":{"line":35,"column":60},"end":{"line":35,"column":76}}],"line":35},"5":{"loc":{"start":{"line":36,"column":16},"end":{"line":36,"column":63}},"type":"cond-expr","locations":[{"start":{"line":36,"column":39},"end":{"line":36,"column":59}},{"start":{"line":36,"column":62},"end":{"line":36,"column":63}}],"line":36}},"s":{"0":4,"1":4,"2":4,"3":4,"4":2,"5":4,"6":1,"7":0,"8":0,"9":7},"f":{"0":4,"1":2,"2":1,"3":7},"b":{"0":[0,0],"1":[0,0],"2":[0,0],"3":[0,0],"4":[0,0],"5":[0,0]},"_coverageSchema":"1a1c01bbd47fc00a2c39e90264f33305004495a9","hash":"d5bdf83d9ae9fb6a88edac090b2247b17ac2ded8"}
,"/home/shuva/Projects/map/Library/front/components/TableWithoutButtons/TableWithoutButtons.js": {"path":"/home/shuva/Projects/map/Library/front/components/TableWithoutButtons/TableWithoutButtons.js","statementMap":{"0":{"start":{"line":8,"column":8},"end":{"line":8,"column":21}},"1":{"start":{"line":9,"column":8},"end":{"line":11,"column":10}},"2":{"start":{"line":15,"column":8},"end":{"line":15,"column":50}},"3":{"start":{"line":18,"column":26},"end":{"line":24,"column":5}},"4":{"start":{"line":19,"column":19},"end":{"line":19,"column":35}},"5":{"start":{"line":20,"column":24},"end":{"line":20,"column":50}},"6":{"start":{"line":21,"column":8},"end":{"line":21,"column":48}},"7":{"start":{"line":22,"column":8},"end":{"line":22,"column":45}},"8":{"start":{"line":23,"column":8},"end":{"line":23,"column":38}},"9":{"start":{"line":26,"column":26},"end":{"line":32,"column":5}},"10":{"start":{"line":27,"column":19},"end":{"line":27,"column":35}},"11":{"start":{"line":28,"column":24},"end":{"line":28,"column":50}},"12":{"start":{"line":29,"column":8},"end":{"line":29,"column":48}},"13":{"start":{"line":30,"column":8},"end":{"line":30,"column":45}},"14":{"start":{"line":31,"column":8},"end":{"line":31,"column":38}},"15":{"start":{"line":35,"column":8},"end":{"line":64,"column":9}},"16":{"start":{"line":51,"column":20},"end":{"line":61,"column":25}},"17":{"start":{"line":56,"column":104},"end":{"line":56,"column":142}},"18":{"start":{"line":59,"column":105},"end":{"line":59,"column":143}}},"fnMap":{"0":{"name":"(anonymous_0)","decl":{"start":{"line":7,"column":4},"end":{"line":7,"column":5}},"loc":{"start":{"line":7,"column":23},"end":{"line":12,"column":5}},"line":7},"1":{"name":"(anonymous_1)","decl":{"start":{"line":14,"column":4},"end":{"line":14,"column":5}},"loc":{"start":{"line":14,"column":25},"end":{"line":16,"column":5}},"line":14},"2":{"name":"(anonymous_2)","decl":{"start":{"line":18,"column":26},"end":{"line":18,"column":27}},"loc":{"start":{"line":18,"column":47},"end":{"line":24,"column":5}},"line":18},"3":{"name":"(anonymous_3)","decl":{"start":{"line":26,"column":26},"end":{"line":26,"column":27}},"loc":{"start":{"line":26,"column":47},"end":{"line":32,"column":5}},"line":26},"4":{"name":"(anonymous_4)","decl":{"start":{"line":34,"column":4},"end":{"line":34,"column":5}},"loc":{"start":{"line":34,"column":13},"end":{"line":65,"column":5}},"line":34},"5":{"name":"(anonymous_5)","decl":{"start":{"line":50,"column":38},"end":{"line":50,"column":39}},"loc":{"start":{"line":51,"column":20},"end":{"line":61,"column":25}},"line":51},"6":{"name":"(anonymous_6)","decl":{"start":{"line":56,"column":98},"end":{"line":56,"column":99}},"loc":{"start":{"line":56,"column":104},"end":{"line":56,"column":142}},"line":56},"7":{"name":"(anonymous_7)","decl":{"start":{"line":59,"column":99},"end":{"line":59,"column":100}},"loc":{"start":{"line":59,"column":105},"end":{"line":59,"column":143}},"line":59}},"branchMap":{},"s":{"0":1,"1":1,"2":1,"3":1,"4":0,"5":0,"6":0,"7":0,"8":0,"9":1,"10":0,"11":0,"12":0,"13":0,"14":0,"15":1,"16":1,"17":0,"18":0},"f":{"0":1,"1":1,"2":0,"3":0,"4":1,"5":1,"6":0,"7":0},"b":{},"_coverageSchema":"1a1c01bbd47fc00a2c39e90264f33305004495a9","hash":"19efcb05395c17a7e6a5577572e28172c8fa0fee"}
,"/home/shuva/Projects/map/Library/front/helpers/history.js": {"path":"/home/shuva/Projects/map/Library/front/helpers/history.js","statementMap":{"0":{"start":{"line":3,"column":23},"end":{"line":3,"column":45}}},"fnMap":{},"branchMap":{},"s":{"0":2},"f":{},"b":{},"_coverageSchema":"1a1c01bbd47fc00a2c39e90264f33305004495a9","hash":"f11aa415d1591f8eccd09b3ea176cd2b857050cb"}
,"/home/shuva/Projects/map/Library/front/pages/BookPage/BookPage.js": {"path":"/home/shuva/Projects/map/Library/front/pages/BookPage/BookPage.js","statementMap":{"0":{"start":{"line":10,"column":8},"end":{"line":10,"column":21}},"1":{"start":{"line":11,"column":8},"end":{"line":11,"column":116}},"2":{"start":{"line":12,"column":8},"end":{"line":16,"column":10}},"3":{"start":{"line":19,"column":14},"end":{"line":28,"column":5}},"4":{"start":{"line":20,"column":19},"end":{"line":20,"column":32}},"5":{"start":{"line":21,"column":8},"end":{"line":27,"column":14}},"6":{"start":{"line":23,"column":16},"end":{"line":26,"column":19}},"7":{"start":{"line":31,"column":8},"end":{"line":31,"column":23}},"8":{"start":{"line":34,"column":26},"end":{"line":42,"column":5}},"9":{"start":{"line":35,"column":19},"end":{"line":35,"column":38}},"10":{"start":{"line":36,"column":24},"end":{"line":36,"column":43}},"11":{"start":{"line":37,"column":8},"end":{"line":37,"column":59}},"12":{"start":{"line":38,"column":8},"end":{"line":38,"column":38}},"13":{"start":{"line":39,"column":8},"end":{"line":41,"column":11}},"14":{"start":{"line":44,"column":26},"end":{"line":52,"column":5}},"15":{"start":{"line":45,"column":19},"end":{"line":45,"column":38}},"16":{"start":{"line":46,"column":24},"end":{"line":46,"column":43}},"17":{"start":{"line":47,"column":8},"end":{"line":47,"column":59}},"18":{"start":{"line":48,"column":8},"end":{"line":48,"column":38}},"19":{"start":{"line":49,"column":8},"end":{"line":51,"column":11}},"20":{"start":{"line":55,"column":8},"end":{"line":91,"column":9}}},"fnMap":{"0":{"name":"(anonymous_0)","decl":{"start":{"line":9,"column":4},"end":{"line":9,"column":5}},"loc":{"start":{"line":9,"column":23},"end":{"line":17,"column":5}},"line":9},"1":{"name":"(anonymous_1)","decl":{"start":{"line":19,"column":14},"end":{"line":19,"column":15}},"loc":{"start":{"line":19,"column":26},"end":{"line":28,"column":5}},"line":19},"2":{"name":"(anonymous_2)","decl":{"start":{"line":22,"column":18},"end":{"line":22,"column":19}},"loc":{"start":{"line":22,"column":26},"end":{"line":27,"column":13}},"line":22},"3":{"name":"(anonymous_3)","decl":{"start":{"line":30,"column":4},"end":{"line":30,"column":5}},"loc":{"start":{"line":30,"column":24},"end":{"line":32,"column":5}},"line":30},"4":{"name":"(anonymous_4)","decl":{"start":{"line":34,"column":26},"end":{"line":34,"column":27}},"loc":{"start":{"line":34,"column":38},"end":{"line":42,"column":5}},"line":34},"5":{"name":"(anonymous_5)","decl":{"start":{"line":44,"column":26},"end":{"line":44,"column":27}},"loc":{"start":{"line":44,"column":38},"end":{"line":52,"column":5}},"line":44},"6":{"name":"(anonymous_6)","decl":{"start":{"line":54,"column":4},"end":{"line":54,"column":5}},"loc":{"start":{"line":54,"column":13},"end":{"line":92,"column":5}},"line":54}},"branchMap":{"0":{"loc":{"start":{"line":58,"column":17},"end":{"line":88,"column":26}},"type":"cond-expr","locations":[{"start":{"line":59,"column":20},"end":{"line":59,"column":41}},{"start":{"line":60,"column":20},"end":{"line":88,"column":26}}],"line":58},"1":{"loc":{"start":{"line":64,"column":25},"end":{"line":67,"column":73}},"type":"cond-expr","locations":[{"start":{"line":65,"column":28},"end":{"line":65,"column":95}},{"start":{"line":67,"column":28},"end":{"line":67,"column":73}}],"line":64},"2":{"loc":{"start":{"line":68,"column":25},"end":{"line":70,"column":34}},"type":"cond-expr","locations":[{"start":{"line":69,"column":28},"end":{"line":69,"column":100}},{"start":{"line":70,"column":30},"end":{"line":70,"column":34}}],"line":68},"3":{"loc":{"start":{"line":71,"column":25},"end":{"line":73,"column":34}},"type":"cond-expr","locations":[{"start":{"line":72,"column":28},"end":{"line":72,"column":109}},{"start":{"line":73,"column":30},"end":{"line":73,"column":34}}],"line":71},"4":{"loc":{"start":{"line":74,"column":25},"end":{"line":76,"column":79}},"type":"cond-expr","locations":[{"start":{"line":75,"column":28},"end":{"line":75,"column":104}},{"start":{"line":76,"column":30},"end":{"line":76,"column":79}}],"line":74},"5":{"loc":{"start":{"line":77,"column":25},"end":{"line":79,"column":34}},"type":"cond-expr","locations":[{"start":{"line":78,"column":28},"end":{"line":78,"column":102}},{"start":{"line":79,"column":30},"end":{"line":79,"column":34}}],"line":77}},"s":{"0":4,"1":4,"2":4,"3":4,"4":5,"5":5,"6":0,"7":5,"8":4,"9":1,"10":1,"11":1,"12":0,"13":0,"14":4,"15":1,"16":1,"17":1,"18":0,"19":0,"20":8},"f":{"0":4,"1":5,"2":0,"3":5,"4":1,"5":1,"6":8},"b":{"0":[4,4],"1":[0,4],"2":[0,4],"3":[0,4],"4":[0,4],"5":[0,4]},"_coverageSchema":"1a1c01bbd47fc00a2c39e90264f33305004495a9","hash":"cf30df8fc220a65fe8c41c13ed57e69db06a85e6"}
,"/home/shuva/Projects/map/Library/front/pages/LoginPage/LoginPage.js": {"path":"/home/shuva/Projects/map/Library/front/pages/LoginPage/LoginPage.js","statementMap":{"0":{"start":{"line":11,"column":8},"end":{"line":11,"column":21}},"1":{"start":{"line":13,"column":8},"end":{"line":20,"column":10}},"2":{"start":{"line":22,"column":8},"end":{"line":22,"column":57}},"3":{"start":{"line":23,"column":8},"end":{"line":23,"column":57}},"4":{"start":{"line":27,"column":32},"end":{"line":27,"column":44}},"5":{"start":{"line":28,"column":25},"end":{"line":28,"column":35}},"6":{"start":{"line":29,"column":8},"end":{"line":34,"column":11}},"7":{"start":{"line":37,"column":19},"end":{"line":49,"column":5}},"8":{"start":{"line":38,"column":8},"end":{"line":38,"column":31}},"9":{"start":{"line":39,"column":8},"end":{"line":39,"column":43}},"10":{"start":{"line":40,"column":8},"end":{"line":48,"column":9}},"11":{"start":{"line":41,"column":29},"end":{"line":41,"column":92}},"12":{"start":{"line":42,"column":12},"end":{"line":47,"column":13}},"13":{"start":{"line":43,"column":16},"end":{"line":43,"column":75}},"14":{"start":{"line":44,"column":16},"end":{"line":44,"column":37}},"15":{"start":{"line":46,"column":16},"end":{"line":46,"column":53}},"16":{"start":{"line":53,"column":36},"end":{"line":53,"column":46}},"17":{"start":{"line":55,"column":8},"end":{"line":91,"column":9}}},"fnMap":{"0":{"name":"(anonymous_0)","decl":{"start":{"line":10,"column":4},"end":{"line":10,"column":5}},"loc":{"start":{"line":10,"column":23},"end":{"line":24,"column":5}},"line":10},"1":{"name":"(anonymous_1)","decl":{"start":{"line":26,"column":4},"end":{"line":26,"column":5}},"loc":{"start":{"line":26,"column":24},"end":{"line":35,"column":5}},"line":26},"2":{"name":"(anonymous_2)","decl":{"start":{"line":37,"column":19},"end":{"line":37,"column":20}},"loc":{"start":{"line":37,"column":36},"end":{"line":49,"column":5}},"line":37},"3":{"name":"(anonymous_3)","decl":{"start":{"line":51,"column":4},"end":{"line":51,"column":5}},"loc":{"start":{"line":51,"column":13},"end":{"line":92,"column":5}},"line":51}},"branchMap":{"0":{"loc":{"start":{"line":40,"column":8},"end":{"line":48,"column":9}},"type":"if","locations":[{"start":{"line":40,"column":8},"end":{"line":48,"column":9}},{"start":{},"end":{}}],"line":40},"1":{"loc":{"start":{"line":40,"column":12},"end":{"line":40,"column":64}},"type":"binary-expr","locations":[{"start":{"line":40,"column":12},"end":{"line":40,"column":36}},{"start":{"line":40,"column":40},"end":{"line":40,"column":64}}],"line":40},"2":{"loc":{"start":{"line":42,"column":12},"end":{"line":47,"column":13}},"type":"if","locations":[{"start":{"line":42,"column":12},"end":{"line":47,"column":13}},{"start":{"line":45,"column":19},"end":{"line":47,"column":13}}],"line":42},"3":{"loc":{"start":{"line":59,"column":17},"end":{"line":61,"column":26}},"type":"cond-expr","locations":[{"start":{"line":60,"column":20},"end":{"line":60,"column":72}},{"start":{"line":61,"column":22},"end":{"line":61,"column":26}}],"line":59},"4":{"loc":{"start":{"line":66,"column":52},"end":{"line":66,"column":99}},"type":"cond-expr","locations":[{"start":{"line":66,"column":82},"end":{"line":66,"column":94}},{"start":{"line":66,"column":97},"end":{"line":66,"column":99}}],"line":66},"5":{"loc":{"start":{"line":66,"column":52},"end":{"line":66,"column":79}},"type":"binary-expr","locations":[{"start":{"line":66,"column":52},"end":{"line":66,"column":61}},{"start":{"line":66,"column":65},"end":{"line":66,"column":79}}],"line":66},"6":{"loc":{"start":{"line":70,"column":25},"end":{"line":71,"column":82}},"type":"binary-expr","locations":[{"start":{"line":70,"column":25},"end":{"line":70,"column":34}},{"start":{"line":70,"column":38},"end":{"line":70,"column":52}},{"start":{"line":71,"column":28},"end":{"line":71,"column":82}}],"line":70},"7":{"loc":{"start":{"line":75,"column":52},"end":{"line":75,"column":99}},"type":"cond-expr","locations":[{"start":{"line":75,"column":82},"end":{"line":75,"column":94}},{"start":{"line":75,"column":97},"end":{"line":75,"column":99}}],"line":75},"8":{"loc":{"start":{"line":75,"column":52},"end":{"line":75,"column":79}},"type":"binary-expr","locations":[{"start":{"line":75,"column":52},"end":{"line":75,"column":61}},{"start":{"line":75,"column":65},"end":{"line":75,"column":79}}],"line":75},"9":{"loc":{"start":{"line":79,"column":25},"end":{"line":80,"column":82}},"type":"binary-expr","locations":[{"start":{"line":79,"column":25},"end":{"line":79,"column":34}},{"start":{"line":79,"column":38},"end":{"line":79,"column":52}},{"start":{"line":80,"column":28},"end":{"line":80,"column":82}}],"line":79}},"s":{"0":4,"1":4,"2":4,"3":4,"4":1,"5":1,"6":1,"7":4,"8":2,"9":2,"10":2,"11":0,"12":0,"13":0,"14":0,"15":0,"16":9,"17":9},"f":{"0":4,"1":1,"2":2,"3":9},"b":{"0":[0,2],"1":[2,0],"2":[0,0],"3":[0,9],"4":[2,7],"5":[9,2],"6":[9,2,2],"7":[2,7],"8":[9,2],"9":[9,2,2]},"_coverageSchema":"1a1c01bbd47fc00a2c39e90264f33305004495a9","hash":"02fc2ec56fd6c7d7c9aa17072db5da431afdd786"}
,"/home/shuva/Projects/map/Library/front/pages/RegistrationPage/RegistrationPage.js": {"path":"/home/shuva/Projects/map/Library/front/pages/RegistrationPage/RegistrationPage.js","statementMap":{"0":{"start":{"line":11,"column":8},"end":{"line":11,"column":21}},"1":{"start":{"line":13,"column":8},"end":{"line":21,"column":10}},"2":{"start":{"line":23,"column":8},"end":{"line":23,"column":57}},"3":{"start":{"line":24,"column":8},"end":{"line":24,"column":57}},"4":{"start":{"line":29,"column":32},"end":{"line":29,"column":44}},"5":{"start":{"line":30,"column":25},"end":{"line":30,"column":35}},"6":{"start":{"line":31,"column":8},"end":{"line":36,"column":11}},"7":{"start":{"line":39,"column":19},"end":{"line":58,"column":5}},"8":{"start":{"line":40,"column":8},"end":{"line":40,"column":31}},"9":{"start":{"line":42,"column":8},"end":{"line":42,"column":43}},"10":{"start":{"line":43,"column":25},"end":{"line":43,"column":35}},"11":{"start":{"line":44,"column":8},"end":{"line":57,"column":9}},"12":{"start":{"line":45,"column":29},"end":{"line":50,"column":13}},"13":{"start":{"line":51,"column":12},"end":{"line":56,"column":13}},"14":{"start":{"line":52,"column":16},"end":{"line":52,"column":75}},"15":{"start":{"line":53,"column":16},"end":{"line":53,"column":37}},"16":{"start":{"line":55,"column":16},"end":{"line":55,"column":53}},"17":{"start":{"line":62,"column":32},"end":{"line":62,"column":42}},"18":{"start":{"line":63,"column":36},"end":{"line":63,"column":46}},"19":{"start":{"line":65,"column":8},"end":{"line":114,"column":9}}},"fnMap":{"0":{"name":"(anonymous_0)","decl":{"start":{"line":10,"column":4},"end":{"line":10,"column":5}},"loc":{"start":{"line":10,"column":23},"end":{"line":26,"column":5}},"line":10},"1":{"name":"(anonymous_1)","decl":{"start":{"line":28,"column":4},"end":{"line":28,"column":5}},"loc":{"start":{"line":28,"column":24},"end":{"line":37,"column":5}},"line":28},"2":{"name":"(anonymous_2)","decl":{"start":{"line":39,"column":19},"end":{"line":39,"column":20}},"loc":{"start":{"line":39,"column":36},"end":{"line":58,"column":5}},"line":39},"3":{"name":"(anonymous_3)","decl":{"start":{"line":60,"column":4},"end":{"line":60,"column":5}},"loc":{"start":{"line":60,"column":13},"end":{"line":115,"column":5}},"line":60}},"branchMap":{"0":{"loc":{"start":{"line":44,"column":8},"end":{"line":57,"column":9}},"type":"if","locations":[{"start":{"line":44,"column":8},"end":{"line":57,"column":9}},{"start":{},"end":{}}],"line":44},"1":{"loc":{"start":{"line":44,"column":12},"end":{"line":44,"column":77}},"type":"binary-expr","locations":[{"start":{"line":44,"column":12},"end":{"line":44,"column":26}},{"start":{"line":44,"column":30},"end":{"line":44,"column":43}},{"start":{"line":44,"column":47},"end":{"line":44,"column":60}},{"start":{"line":44,"column":64},"end":{"line":44,"column":77}}],"line":44},"2":{"loc":{"start":{"line":51,"column":12},"end":{"line":56,"column":13}},"type":"if","locations":[{"start":{"line":51,"column":12},"end":{"line":56,"column":13}},{"start":{"line":54,"column":19},"end":{"line":56,"column":13}}],"line":51},"3":{"loc":{"start":{"line":69,"column":17},"end":{"line":71,"column":26}},"type":"cond-expr","locations":[{"start":{"line":70,"column":20},"end":{"line":70,"column":71}},{"start":{"line":71,"column":22},"end":{"line":71,"column":26}}],"line":69},"4":{"loc":{"start":{"line":75,"column":43},"end":{"line":75,"column":91}},"type":"cond-expr","locations":[{"start":{"line":75,"column":74},"end":{"line":75,"column":86}},{"start":{"line":75,"column":89},"end":{"line":75,"column":91}}],"line":75},"5":{"loc":{"start":{"line":75,"column":43},"end":{"line":75,"column":71}},"type":"binary-expr","locations":[{"start":{"line":75,"column":43},"end":{"line":75,"column":52}},{"start":{"line":75,"column":56},"end":{"line":75,"column":71}}],"line":75},"6":{"loc":{"start":{"line":78,"column":25},"end":{"line":79,"column":84}},"type":"binary-expr","locations":[{"start":{"line":78,"column":25},"end":{"line":78,"column":34}},{"start":{"line":78,"column":38},"end":{"line":78,"column":53}},{"start":{"line":79,"column":28},"end":{"line":79,"column":84}}],"line":78},"7":{"loc":{"start":{"line":83,"column":52},"end":{"line":83,"column":99}},"type":"cond-expr","locations":[{"start":{"line":83,"column":82},"end":{"line":83,"column":94}},{"start":{"line":83,"column":97},"end":{"line":83,"column":99}}],"line":83},"8":{"loc":{"start":{"line":83,"column":52},"end":{"line":83,"column":79}},"type":"binary-expr","locations":[{"start":{"line":83,"column":52},"end":{"line":83,"column":61}},{"start":{"line":83,"column":65},"end":{"line":83,"column":79}}],"line":83},"9":{"loc":{"start":{"line":86,"column":25},"end":{"line":87,"column":83}},"type":"binary-expr","locations":[{"start":{"line":86,"column":25},"end":{"line":86,"column":34}},{"start":{"line":86,"column":38},"end":{"line":86,"column":52}},{"start":{"line":87,"column":28},"end":{"line":87,"column":83}}],"line":86},"10":{"loc":{"start":{"line":91,"column":52},"end":{"line":91,"column":99}},"type":"cond-expr","locations":[{"start":{"line":91,"column":82},"end":{"line":91,"column":94}},{"start":{"line":91,"column":97},"end":{"line":91,"column":99}}],"line":91},"11":{"loc":{"start":{"line":91,"column":52},"end":{"line":91,"column":79}},"type":"binary-expr","locations":[{"start":{"line":91,"column":52},"end":{"line":91,"column":61}},{"start":{"line":91,"column":65},"end":{"line":91,"column":79}}],"line":91},"12":{"loc":{"start":{"line":94,"column":25},"end":{"line":95,"column":82}},"type":"binary-expr","locations":[{"start":{"line":94,"column":25},"end":{"line":94,"column":34}},{"start":{"line":94,"column":38},"end":{"line":94,"column":52}},{"start":{"line":95,"column":28},"end":{"line":95,"column":82}}],"line":94},"13":{"loc":{"start":{"line":99,"column":52},"end":{"line":99,"column":99}},"type":"cond-expr","locations":[{"start":{"line":99,"column":82},"end":{"line":99,"column":94}},{"start":{"line":99,"column":97},"end":{"line":99,"column":99}}],"line":99},"14":{"loc":{"start":{"line":99,"column":52},"end":{"line":99,"column":79}},"type":"binary-expr","locations":[{"start":{"line":99,"column":52},"end":{"line":99,"column":61}},{"start":{"line":99,"column":65},"end":{"line":99,"column":79}}],"line":99},"15":{"loc":{"start":{"line":102,"column":25},"end":{"line":103,"column":82}},"type":"binary-expr","locations":[{"start":{"line":102,"column":25},"end":{"line":102,"column":34}},{"start":{"line":102,"column":38},"end":{"line":102,"column":52}},{"start":{"line":103,"column":28},"end":{"line":103,"column":82}}],"line":102}},"s":{"0":3,"1":3,"2":3,"3":3,"4":1,"5":1,"6":1,"7":3,"8":1,"9":1,"10":1,"11":1,"12":0,"13":0,"14":0,"15":0,"16":0,"17":6,"18":6,"19":6},"f":{"0":3,"1":1,"2":1,"3":6},"b":{"0":[0,1],"1":[1,0,0,0],"2":[0,0],"3":[0,6],"4":[1,5],"5":[6,1],"6":[6,1,1],"7":[1,5],"8":[6,1],"9":[6,1,1],"10":[1,5],"11":[6,1],"12":[6,1,1],"13":[1,5],"14":[6,1],"15":[6,1,1]},"_coverageSchema":"1a1c01bbd47fc00a2c39e90264f33305004495a9","hash":"0919bc039eff65975da05268a3d7a4e3c79c13c6"}
}
