TN:
SF:components/InfoField/InfoField.js
FN:6,(anonymous_0)
FN:10,(anonymous_1)
FNF:2
FNH:2
FNDA:3,(anonymous_0)
FNDA:3,(anonymous_1)
DA:7,3
DA:11,3
LF:2
LH:2
BRF:0
BRH:0
end_of_record
TN:
SF:components/Input/Input.js
FN:9,(anonymous_0)
FN:19,(anonymous_1)
FN:23,(anonymous_2)
FN:41,(anonymous_3)
FNF:4
FNH:4
FNDA:4,(anonymous_0)
FNDA:2,(anonymous_1)
FNDA:1,(anonymous_2)
FNDA:7,(anonymous_3)
DA:10,4
DA:11,4
DA:15,4
DA:16,4
DA:20,2
DA:23,4
DA:24,1
DA:25,0
DA:26,0
DA:42,7
LF:10
LH:8
BRDA:25,0,0,0
BRDA:25,0,1,0
BRDA:27,1,0,0
BRDA:27,1,1,0
BRDA:28,2,0,0
BRDA:28,2,1,0
BRDA:33,3,0,0
BRDA:33,3,1,0
BRDA:35,4,0,0
BRDA:35,4,1,0
BRDA:36,5,0,0
BRDA:36,5,1,0
BRF:12
BRH:0
end_of_record
TN:
SF:components/TableWithoutButtons/TableWithoutButtons.js
FN:7,(anonymous_0)
FN:14,(anonymous_1)
FN:18,(anonymous_2)
FN:26,(anonymous_3)
FN:34,(anonymous_4)
FN:50,(anonymous_5)
FN:56,(anonymous_6)
FN:59,(anonymous_7)
FNF:8
FNH:4
FNDA:1,(anonymous_0)
FNDA:1,(anonymous_1)
FNDA:0,(anonymous_2)
FNDA:0,(anonymous_3)
FNDA:1,(anonymous_4)
FNDA:1,(anonymous_5)
FNDA:0,(anonymous_6)
FNDA:0,(anonymous_7)
DA:8,1
DA:9,1
DA:15,1
DA:18,1
DA:19,0
DA:20,0
DA:21,0
DA:22,0
DA:23,0
DA:26,1
DA:27,0
DA:28,0
DA:29,0
DA:30,0
DA:31,0
DA:35,1
DA:51,1
DA:56,0
DA:59,0
LF:19
LH:7
BRF:0
BRH:0
end_of_record
TN:
SF:helpers/history.js
FNF:0
FNH:0
DA:3,2
LF:1
LH:1
BRF:0
BRH:0
end_of_record
TN:
SF:pages/BookPage/BookPage.js
FN:9,(anonymous_0)
FN:19,(anonymous_1)
FN:22,(anonymous_2)
FN:30,(anonymous_3)
FN:34,(anonymous_4)
FN:44,(anonymous_5)
FN:54,(anonymous_6)
FNF:7
FNH:6
FNDA:4,(anonymous_0)
FNDA:5,(anonymous_1)
FNDA:0,(anonymous_2)
FNDA:5,(anonymous_3)
FNDA:1,(anonymous_4)
FNDA:1,(anonymous_5)
FNDA:8,(anonymous_6)
DA:10,4
DA:11,4
DA:12,4
DA:19,4
DA:20,5
DA:21,5
DA:23,0
DA:31,5
DA:34,4
DA:35,1
DA:36,1
DA:37,1
DA:38,0
DA:39,0
DA:44,4
DA:45,1
DA:46,1
DA:47,1
DA:48,0
DA:49,0
DA:55,8
LF:21
LH:16
BRDA:58,0,0,4
BRDA:58,0,1,4
BRDA:64,1,0,0
BRDA:64,1,1,4
BRDA:68,2,0,0
BRDA:68,2,1,4
BRDA:71,3,0,0
BRDA:71,3,1,4
BRDA:74,4,0,0
BRDA:74,4,1,4
BRDA:77,5,0,0
BRDA:77,5,1,4
BRF:12
BRH:7
end_of_record
TN:
SF:pages/LoginPage/LoginPage.js
FN:10,(anonymous_0)
FN:26,(anonymous_1)
FN:37,(anonymous_2)
FN:51,(anonymous_3)
FNF:4
FNH:4
FNDA:4,(anonymous_0)
FNDA:1,(anonymous_1)
FNDA:2,(anonymous_2)
FNDA:9,(anonymous_3)
DA:11,4
DA:13,4
DA:22,4
DA:23,4
DA:27,1
DA:28,1
DA:29,1
DA:37,4
DA:38,2
DA:39,2
DA:40,2
DA:41,0
DA:42,0
DA:43,0
DA:44,0
DA:46,0
DA:53,9
DA:55,9
LF:18
LH:13
BRDA:40,0,0,0
BRDA:40,0,1,2
BRDA:40,1,0,2
BRDA:40,1,1,0
BRDA:42,2,0,0
BRDA:42,2,1,0
BRDA:59,3,0,0
BRDA:59,3,1,9
BRDA:66,4,0,2
BRDA:66,4,1,7
BRDA:66,5,0,9
BRDA:66,5,1,2
BRDA:70,6,0,9
BRDA:70,6,1,2
BRDA:70,6,2,2
BRDA:75,7,0,2
BRDA:75,7,1,7
BRDA:75,8,0,9
BRDA:75,8,1,2
BRDA:79,9,0,9
BRDA:79,9,1,2
BRDA:79,9,2,2
BRF:22
BRH:17
end_of_record
TN:
SF:pages/RegistrationPage/RegistrationPage.js
FN:10,(anonymous_0)
FN:28,(anonymous_1)
FN:39,(anonymous_2)
FN:60,(anonymous_3)
FNF:4
FNH:4
FNDA:3,(anonymous_0)
FNDA:1,(anonymous_1)
FNDA:1,(anonymous_2)
FNDA:6,(anonymous_3)
DA:11,3
DA:13,3
DA:23,3
DA:24,3
DA:29,1
DA:30,1
DA:31,1
DA:39,3
DA:40,1
DA:42,1
DA:43,1
DA:44,1
DA:45,0
DA:51,0
DA:52,0
DA:53,0
DA:55,0
DA:62,6
DA:63,6
DA:65,6
LF:20
LH:15
BRDA:44,0,0,0
BRDA:44,0,1,1
BRDA:44,1,0,1
BRDA:44,1,1,0
BRDA:44,1,2,0
BRDA:44,1,3,0
BRDA:51,2,0,0
BRDA:51,2,1,0
BRDA:69,3,0,0
BRDA:69,3,1,6
BRDA:75,4,0,1
BRDA:75,4,1,5
BRDA:75,5,0,6
BRDA:75,5,1,1
BRDA:78,6,0,6
BRDA:78,6,1,1
BRDA:78,6,2,1
BRDA:83,7,0,1
BRDA:83,7,1,5
BRDA:83,8,0,6
BRDA:83,8,1,1
BRDA:86,9,0,6
BRDA:86,9,1,1
BRDA:86,9,2,1
BRDA:91,10,0,1
BRDA:91,10,1,5
BRDA:91,11,0,6
BRDA:91,11,1,1
BRDA:94,12,0,6
BRDA:94,12,1,1
BRDA:94,12,2,1
BRDA:99,13,0,1
BRDA:99,13,1,5
BRDA:99,14,0,6
BRDA:99,14,1,1
BRDA:102,15,0,6
BRDA:102,15,1,1
BRDA:102,15,2,1
BRF:38
BRH:31
end_of_record
